  main.cpp
  ofApp.cpp
C:\Users\liwei\Downloads\libs\openFrameworks\utils\ofLog.h : warning C4819: The file contains a character that cannot be represented in the current code page (950). Save the file in Unicode format to prevent data loss (compiling source file src\ofApp.cpp)
C:\Users\liwei\Downloads\libs\openFrameworks\types\ofTypes.h : warning C4819: The file contains a character that cannot be represented in the current code page (950). Save the file in Unicode format to prevent data loss (compiling source file src\ofApp.cpp)
C:\Users\liwei\Downloads\libs\openFrameworks\utils\ofLog.h : warning C4819: The file contains a character that cannot be represented in the current code page (950). Save the file in Unicode format to prevent data loss (compiling source file src\main.cpp)
c:\users\liwei\downloads\libs\openframeworks\types\ofColor.h : warning C4819: The file contains a character that cannot be represented in the current code page (950). Save the file in Unicode format to prevent data loss (compiling source file src\ofApp.cpp)
C:\Users\liwei\Downloads\libs\openFrameworks\types\ofTypes.h : warning C4819: The file contains a character that cannot be represented in the current code page (950). Save the file in Unicode format to prevent data loss (compiling source file src\main.cpp)
c:\users\liwei\downloads\libs\openframeworks\types\ofColor.h : warning C4819: The file contains a character that cannot be represented in the current code page (950). Save the file in Unicode format to prevent data loss (compiling source file src\main.cpp)
c:\users\liwei\downloads\libs\openframeworks\math\ofVec3f.h : warning C4819: The file contains a character that cannot be represented in the current code page (950). Save the file in Unicode format to prevent data loss (compiling source file src\ofApp.cpp)
c:\users\liwei\downloads\libs\openframeworks\math\ofVec2f.h : warning C4819: The file contains a character that cannot be represented in the current code page (950). Save the file in Unicode format to prevent data loss (compiling source file src\ofApp.cpp)
c:\users\liwei\downloads\libs\openframeworks\math\ofVec3f.h : warning C4819: The file contains a character that cannot be represented in the current code page (950). Save the file in Unicode format to prevent data loss (compiling source file src\main.cpp)
c:\users\liwei\downloads\libs\openframeworks\math\ofVec2f.h : warning C4819: The file contains a character that cannot be represented in the current code page (950). Save the file in Unicode format to prevent data loss (compiling source file src\main.cpp)
c:\users\liwei\downloads\libs\openframeworks\types\ofColor.h(778): warning C4819: The file contains a character that cannot be represented in the current code page (950). Save the file in Unicode format to prevent data loss (compiling source file src\ofApp.cpp)
c:\users\liwei\downloads\libs\openframeworks\types\ofColor.h(778): warning C4819: The file contains a character that cannot be represented in the current code page (950). Save the file in Unicode format to prevent data loss (compiling source file src\main.cpp)
C:\Users\liwei\Downloads\libs\openFrameworks\3d\ofMesh.h : warning C4819: The file contains a character that cannot be represented in the current code page (950). Save the file in Unicode format to prevent data loss (compiling source file src\ofApp.cpp)
C:\Users\liwei\Downloads\libs\openFrameworks\3d\ofMesh.h : warning C4819: The file contains a character that cannot be represented in the current code page (950). Save the file in Unicode format to prevent data loss (compiling source file src\main.cpp)
C:\Users\liwei\Downloads\libs\openFrameworks\graphics\ofPolyline.h : warning C4819: The file contains a character that cannot be represented in the current code page (950). Save the file in Unicode format to prevent data loss (compiling source file src\ofApp.cpp)
C:\Users\liwei\Downloads\libs\openFrameworks\graphics\ofPolyline.h : warning C4819: The file contains a character that cannot be represented in the current code page (950). Save the file in Unicode format to prevent data loss (compiling source file src\main.cpp)
C:\Users\liwei\Downloads\libs\openFrameworks\graphics\ofPath.h : warning C4819: The file contains a character that cannot be represented in the current code page (950). Save the file in Unicode format to prevent data loss (compiling source file src\main.cpp)
C:\Users\liwei\Downloads\libs\openFrameworks\graphics\ofPath.h : warning C4819: The file contains a character that cannot be represented in the current code page (950). Save the file in Unicode format to prevent data loss (compiling source file src\ofApp.cpp)
C:\Users\liwei\Downloads\libs\openFrameworks\3d\ofCamera.h : warning C4819: The file contains a character that cannot be represented in the current code page (950). Save the file in Unicode format to prevent data loss (compiling source file src\main.cpp)
C:\Users\liwei\Downloads\libs\openFrameworks\3d\ofCamera.h : warning C4819: The file contains a character that cannot be represented in the current code page (950). Save the file in Unicode format to prevent data loss (compiling source file src\ofApp.cpp)
C:\Users\liwei\Downloads\libs\openFrameworks\3d\ofEasyCam.h : warning C4819: The file contains a character that cannot be represented in the current code page (950). Save the file in Unicode format to prevent data loss (compiling source file src\ofApp.cpp)
C:\Users\liwei\Downloads\libs\openFrameworks\3d\ofEasyCam.h : warning C4819: The file contains a character that cannot be represented in the current code page (950). Save the file in Unicode format to prevent data loss (compiling source file src\main.cpp)
c:\users\liwei\downloads\ofxkinect2-master\ofxkinect2-master\example_pointcloud\src\ofApp.h(4): fatal error C1083: Cannot open include file: 'ofxKinect2.h': No such file or directory (compiling source file src\ofApp.cpp)
c:\users\liwei\downloads\ofxkinect2-master\ofxkinect2-master\example_pointcloud\src\ofApp.h(4): fatal error C1083: Cannot open include file: 'ofxKinect2.h': No such file or directory (compiling source file src\main.cpp)
